I, [2014-07-28T08:34:59.932710 #32710]  INFO -- Kitchen: -----> Starting Kitchen (v1.2.1)
I, [2014-07-28T08:35:00.712304 #32710]  INFO -- Kitchen: -----> Creating <default-centos-65>...
I, [2014-07-28T08:35:42.869629 #32710]  INFO -- Kitchen: -----> Converging <default-centos-65>...
I, [2014-07-28T08:43:03.806339 #32710]  INFO -- Kitchen: -----> Kitchen is finished. (8m3.87s)
I, [2014-07-28T08:55:59.838421 #1943]  INFO -- Kitchen: -----> Starting Kitchen (v1.2.1)
I, [2014-07-28T08:56:00.654641 #1943]  INFO -- Kitchen: -----> Setting up <default-centos-65>...
I, [2014-07-28T08:57:32.893502 #1943]  INFO -- Kitchen: -----> Verifying <default-centos-65>...
E, [2014-07-28T08:57:34.659592 #1943] ERROR -- Kitchen: Verify failed on instance <default-centos-65>.
I, [2014-07-28T08:57:37.260363 #2040]  INFO -- Kitchen: -----> Starting Kitchen (v1.2.1)
I, [2014-07-28T08:57:38.081446 #2040]  INFO -- Kitchen: -----> Verifying <default-centos-65>...
E, [2014-07-28T08:57:39.787320 #2040] ERROR -- Kitchen: Verify failed on instance <default-centos-65>.
I, [2014-07-28T08:57:45.447877 #2108]  INFO -- Kitchen: -----> Starting Kitchen (v1.2.1)
I, [2014-07-28T08:57:46.249883 #2108]  INFO -- Kitchen: -----> Converging <default-centos-65>...
I, [2014-07-28T08:57:59.818447 #2108]  INFO -- Kitchen: -----> Kitchen is finished. (0m14.37s)
I, [2014-07-28T08:58:01.205229 #2186]  INFO -- Kitchen: -----> Starting Kitchen (v1.2.1)
I, [2014-07-28T08:58:02.057183 #2186]  INFO -- Kitchen: -----> Setting up <default-centos-65>...
I, [2014-07-28T08:58:04.341953 #2186]  INFO -- Kitchen: -----> Verifying <default-centos-65>...
E, [2014-07-28T08:58:06.049816 #2186] ERROR -- Kitchen: Verify failed on instance <default-centos-65>.
I, [2014-07-28T08:58:18.460158 #2276]  INFO -- Kitchen: -----> Starting Kitchen (v1.2.1)
I, [2014-07-28T08:58:19.274927 #2276]  INFO -- Kitchen: -----> Verifying <default-centos-65>...
E, [2014-07-28T08:58:20.952645 #2276] ERROR -- Kitchen: Verify failed on instance <default-centos-65>.
I, [2014-07-28T08:58:54.238723 #2541]  INFO -- Kitchen: -----> Starting Kitchen (v1.2.1)
I, [2014-07-28T08:58:55.040082 #2541]  INFO -- Kitchen: -----> Verifying <default-centos-65>...
I, [2014-07-28T08:58:56.780294 #2541]  INFO -- Kitchen: -----> Kitchen is finished. (0m2.54s)
I, [2014-07-28T08:59:03.094708 #2581]  INFO -- Kitchen: -----> Starting Kitchen (v1.2.1)
I, [2014-07-28T08:59:03.895509 #2581]  INFO -- Kitchen: -----> Destroying <default-centos-65>...
I, [2014-07-28T08:59:07.851391 #2581]  INFO -- Kitchen: -----> Kitchen is finished. (0m4.76s)
I, [2014-07-28T09:00:01.096403 #2991]  INFO -- Kitchen: -----> Starting Kitchen (v1.2.1)
I, [2014-07-28T09:00:01.903211 #2991]  INFO -- Kitchen: -----> Creating <master-centos-65>...
I, [2014-07-28T09:00:38.769989 #2991]  INFO -- Kitchen: -----> Converging <master-centos-65>...
I, [2014-07-28T09:12:26.388940 #2991]  INFO -- Kitchen: -----> Kitchen is finished. (12m25.29s)
I, [2014-07-28T09:15:03.018146 #10434]  INFO -- Kitchen: -----> Starting Kitchen (v1.2.1)
I, [2014-07-28T09:15:03.831718 #10434]  INFO -- Kitchen: -----> Setting up <master-centos-65>...
I, [2014-07-28T09:16:22.529458 #10434]  INFO -- Kitchen: -----> Verifying <master-centos-65>...
I, [2014-07-28T09:16:24.388432 #10434]  INFO -- Kitchen: -----> Kitchen is finished. (1m21.37s)
I, [2014-07-28T09:16:39.225766 #10578]  INFO -- Kitchen: -----> Starting Kitchen (v1.2.1)
I, [2014-07-28T09:16:40.030259 #10578]  INFO -- Kitchen: -----> Creating <slave-centos-65>...
I, [2014-07-28T09:17:26.294186 #10578]  INFO -- Kitchen: -----> Converging <slave-centos-65>...
E, [2014-07-28T09:20:10.753521 #10578] ERROR -- Kitchen: Converge failed on instance <slave-centos-65>.
I, [2014-07-28T09:31:12.654268 #12246]  INFO -- Kitchen: -----> Starting Kitchen (v1.2.1)
I, [2014-07-28T09:31:13.468999 #12246]  INFO -- Kitchen: -----> Converging <slave-centos-65>...
E, [2014-07-28T09:31:27.588191 #12246] ERROR -- Kitchen: Converge failed on instance <slave-centos-65>.
I, [2014-07-28T09:33:47.653278 #12340]  INFO -- Kitchen: -----> Starting Kitchen (v1.2.1)
I, [2014-07-28T09:33:48.458078 #12340]  INFO -- Kitchen: -----> Converging <slave-centos-65>...
E, [2014-07-28T09:33:57.485926 #12340] ERROR -- Kitchen: Converge failed on instance <slave-centos-65>.
I, [2014-07-28T09:35:11.552263 #12416]  INFO -- Kitchen: -----> Starting Kitchen (v1.2.1)
I, [2014-07-28T09:35:12.355050 #12416]  INFO -- Kitchen: -----> Converging <slave-centos-65>...
I, [2014-07-28T09:41:21.518382 #12416]  INFO -- Kitchen: -----> Kitchen is finished. (6m9.97s)
I, [2014-07-28T09:41:35.053696 #12598]  INFO -- Kitchen: -----> Starting Kitchen (v1.2.1)
I, [2014-07-28T09:41:35.857607 #12598]  INFO -- Kitchen: -----> Setting up <slave-centos-65>...
I, [2014-07-28T09:43:10.687289 #12598]  INFO -- Kitchen: -----> Verifying <slave-centos-65>...
E, [2014-07-28T09:43:12.425259 #12598] ERROR -- Kitchen: Verify failed on instance <slave-centos-65>.
I, [2014-07-28T09:44:14.179008 #12771]  INFO -- Kitchen: -----> Starting Kitchen (v1.2.1)
I, [2014-07-28T09:44:15.000278 #12771]  INFO -- Kitchen: -----> Verifying <slave-centos-65>...
E, [2014-07-28T09:44:16.861395 #12771] ERROR -- Kitchen: Verify failed on instance <slave-centos-65>.
I, [2014-07-28T09:44:36.712608 #12830]  INFO -- Kitchen: -----> Starting Kitchen (v1.2.1)
I, [2014-07-28T09:44:37.521224 #12830]  INFO -- Kitchen: -----> Verifying <slave-centos-65>...
I, [2014-07-28T09:44:39.353088 #12830]  INFO -- Kitchen: -----> Kitchen is finished. (0m2.64s)
I, [2014-07-28T09:45:46.467305 #13131]  INFO -- Kitchen: -----> Starting Kitchen (v1.2.1)
I, [2014-07-28T09:45:47.280939 #13131]  INFO -- Kitchen: -----> Destroying <default-centos-65>...
I, [2014-07-28T09:45:47.282506 #13131]  INFO -- Kitchen: -----> Destroying <master-centos-65>...
I, [2014-07-28T09:45:51.275451 #13131]  INFO -- Kitchen: -----> Destroying <slave-centos-65>...
I, [2014-07-28T09:45:55.280348 #13131]  INFO -- Kitchen: -----> Destroying <sentinel-centos-65>...
I, [2014-07-28T09:45:55.281063 #13131]  INFO -- Kitchen: -----> Kitchen is finished. (0m8.81s)
I, [2014-07-28T09:45:55.559497 #13729]  INFO -- Kitchen: -----> Starting Kitchen (v1.2.1)
I, [2014-07-28T09:45:56.395944 #13729]  INFO -- Kitchen: -----> Creating <sentinel-centos-65>...
I, [2014-07-28T09:46:33.290009 #13729]  INFO -- Kitchen: -----> Converging <sentinel-centos-65>...
I, [2014-07-28T09:56:09.532677 #13729]  INFO -- Kitchen: -----> Kitchen is finished. (10m13.97s)
I, [2014-07-28T09:57:36.887871 #19981]  INFO -- Kitchen: -----> Starting Kitchen (v1.2.1)
I, [2014-07-28T09:57:37.678277 #19981]  INFO -- Kitchen: -----> Converging <sentinel-centos-65>...
I, [2014-07-28T09:57:50.622973 #19981]  INFO -- Kitchen: -----> Kitchen is finished. (0m13.73s)
I, [2014-07-28T09:57:54.971392 #20026]  INFO -- Kitchen: -----> Starting Kitchen (v1.2.1)
I, [2014-07-28T09:57:55.785706 #20026]  INFO -- Kitchen: -----> Setting up <sentinel-centos-65>...
I, [2014-07-28T09:59:31.298136 #20026]  INFO -- Kitchen: -----> Verifying <sentinel-centos-65>...
I, [2014-07-28T09:59:33.074789 #20026]  INFO -- Kitchen: -----> Kitchen is finished. (1m38.10s)
I, [2014-07-28T10:42:41.769442 #553]  INFO -- Kitchen: -----> Starting Kitchen (v1.2.1)
I, [2014-07-28T10:42:42.580054 #553]  INFO -- Kitchen: -----> Destroying <default-centos-65>...
I, [2014-07-28T10:42:42.581355 #553]  INFO -- Kitchen: -----> Destroying <master-centos-65>...
I, [2014-07-28T10:42:42.581608 #553]  INFO -- Kitchen: -----> Destroying <slave-centos-65>...
I, [2014-07-28T10:42:42.582049 #553]  INFO -- Kitchen: -----> Destroying <sentinel-centos-65>...
I, [2014-07-28T10:42:46.581099 #553]  INFO -- Kitchen: -----> Kitchen is finished. (0m4.81s)
I, [2014-07-28T10:42:46.858424 #922]  INFO -- Kitchen: -----> Starting Kitchen (v1.2.1)
I, [2014-07-28T10:42:47.691785 #922]  INFO -- Kitchen: -----> Creating <default-centos-65>...
I, [2014-07-28T10:43:26.818859 #922]  INFO -- Kitchen: -----> Converging <default-centos-65>...
E, [2014-07-28T10:48:18.140139 #6850] ERROR -- Kitchen: 
No instances for regex `single', try running `kitchen list'


E, [2014-07-28T10:48:22.530678 #6888] ERROR -- Kitchen: 
No instances for regex `list', try running `kitchen list'


I, [2014-07-28T10:53:39.581430 #922]  INFO -- Kitchen: -----> Kitchen is finished. (10m52.72s)
